{"meta": {"format": 3, "version": "7.12.0", "timestamp": "2025-11-27T12:10:19.950250", "branch_coverage": false, "show_contexts": false}, "files": {"src\\config.py": {"executed_lines": [1, 7, 9, 10, 14, 15, 20, 21, 38, 39, 40, 41, 42, 43, 44, 45, 46, 47, 48, 49, 52, 63, 66, 78, 80, 82, 83, 84, 85, 86, 87], "summary": {"covered_lines": 29, "num_statements": 33, "percent_covered": 87.87878787878788, "percent_covered_display": "88", "missing_lines": 4, "excluded_lines": 0, "percent_statements_covered": 87.87878787878788, "percent_statements_covered_display": "88"}, "missing_lines": [11, 12, 16, 17], "excluded_lines": [], "functions": {"get_config": {"executed_lines": [63], "summary": {"covered_lines": 1, "num_statements": 1, "percent_covered": 100.0, "percent_covered_display": "100", "missing_lines": 0, "excluded_lines": 0, "percent_statements_covered": 100.0, "percent_statements_covered_display": "100"}, "missing_lines": [], "excluded_lines": []}, "set_seed": {"executed_lines": [78, 80, 82, 83, 84, 85, 86, 87], "summary": {"covered_lines": 8, "num_statements": 8, "percent_covered": 100.0, "percent_covered_display": "100", "missing_lines": 0, "excluded_lines": 0, "percent_statements_covered": 100.0, "percent_statements_covered_display": "100"}, "missing_lines": [], "excluded_lines": []}, "": {"executed_lines": [1, 7, 9, 10, 14, 15, 20, 21, 38, 39, 40, 41, 42, 43, 44, 45, 46, 47, 48, 49, 52, 66], "summary": {"covered_lines": 20, "num_statements": 24, "percent_covered": 83.33333333333333, "percent_covered_display": "83", "missing_lines": 4, "excluded_lines": 0, "percent_statements_covered": 83.33333333333333, "percent_statements_covered_display": "83"}, "missing_lines": [11, 12, 16, 17], "excluded_lines": []}}, "classes": {"AppConfig": {"executed_lines": [], "summary": {"covered_lines": 0, "num_statements": 0, "percent_covered": 100.0, "percent_covered_display": "100", "missing_lines": 0, "excluded_lines": 0, "percent_statements_covered": 100.0, "percent_statements_covered_display": "100"}, "missing_lines": [], "excluded_lines": []}, "": {"executed_lines": [1, 7, 9, 10, 14, 15, 20, 21, 38, 39, 40, 41, 42, 43, 44, 45, 46, 47, 48, 49, 52, 63, 66, 78, 80, 82, 83, 84, 85, 86, 87], "summary": {"covered_lines": 29, "num_statements": 33, "percent_covered": 87.87878787878788, "percent_covered_display": "88", "missing_lines": 4, "excluded_lines": 0, "percent_statements_covered": 87.87878787878788, "percent_statements_covered_display": "88"}, "missing_lines": [11, 12, 16, 17], "excluded_lines": []}}}, "src\\evaluation\\metrics.py": {"executed_lines": [1, 10, 12, 15, 31, 34, 50, 51, 52, 53, 54, 57, 81, 82, 84, 85, 87, 88, 89, 90, 91, 92, 94, 95, 96, 98, 99, 101, 108, 131, 132, 134, 135, 136, 137, 139, 147, 174, 175, 176, 177, 180, 182, 183, 184, 185, 186, 187, 188, 189, 191, 195, 199, 202, 210, 219, 220, 221, 222, 226, 228, 239, 266, 267, 270, 271, 272, 275, 278, 281, 282, 283, 285, 288, 310, 311, 313, 314, 315, 316, 317, 319, 320, 321, 322, 323, 324, 325, 326, 328, 331, 349, 350, 351, 352, 353, 354, 355, 358, 379, 380, 382, 383, 385, 387, 388, 390, 392, 395, 417, 418, 419, 423, 424, 426, 427, 428, 429, 430, 431, 432, 433, 434, 436, 437, 438, 440], "summary": {"covered_lines": 126, "num_statements": 129, "percent_covered": 97.67441860465117, "percent_covered_display": "98", "missing_lines": 3, "excluded_lines": 0, "percent_statements_covered": 97.67441860465117, "percent_statements_covered_display": "98"}, "missing_lines": [192, 224, 420], "excluded_lines": [], "functions": {"compute_overlap": {"executed_lines": [31], "summary": {"covered_lines": 1, "num_statements": 1, "percent_covered": 100.0, "percent_covered_display": "100", "missing_lines": 0, "excluded_lines": 0, "percent_statements_covered": 100.0, "percent_statements_covered_display": "100"}, "missing_lines": [], "excluded_lines": []}, "compute_iou": {"executed_lines": [50, 51, 52, 53, 54], "summary": {"covered_lines": 5, "num_statements": 5, "percent_covered": 100.0, "percent_covered_display": "100", "missing_lines": 0, "excluded_lines": 0, "percent_statements_covered": 100.0, "percent_statements_covered_display": "100"}, "missing_lines": [], "excluded_lines": []}, "compute_boundary_precision": {"executed_lines": [81, 82, 84, 85, 87, 88, 89, 90, 91, 92, 94, 95, 96, 98, 99, 101], "summary": {"covered_lines": 16, "num_statements": 16, "percent_covered": 100.0, "percent_covered_display": "100", "missing_lines": 0, "excluded_lines": 0, "percent_statements_covered": 100.0, "percent_statements_covered_display": "100"}, "missing_lines": [], "excluded_lines": []}, "compute_iou_delta": {"executed_lines": [131, 132, 134, 135, 136, 137, 139], "summary": {"covered_lines": 7, "num_statements": 7, "percent_covered": 100.0, "percent_covered_display": "100", "missing_lines": 0, "excluded_lines": 0, "percent_statements_covered": 100.0, "percent_statements_covered_display": "100"}, "missing_lines": [], "excluded_lines": []}, "compute_correction_rate": {"executed_lines": [174, 175, 176, 177, 180, 182, 183, 184, 185, 186, 187, 188, 189, 191, 195, 199, 202, 210, 219, 220, 221, 222, 226, 228], "summary": {"covered_lines": 24, "num_statements": 26, "percent_covered": 92.3076923076923, "percent_covered_display": "92", "missing_lines": 2, "excluded_lines": 0, "percent_statements_covered": 92.3076923076923, "percent_statements_covered_display": "92"}, "missing_lines": [192, 224], "excluded_lines": []}, "calibration_curve": {"executed_lines": [266, 267, 270, 271, 272, 275, 278, 281, 282, 283, 285], "summary": {"covered_lines": 11, "num_statements": 11, "percent_covered": 100.0, "percent_covered_display": "100", "missing_lines": 0, "excluded_lines": 0, "percent_statements_covered": 100.0, "percent_statements_covered_display": "100"}, "missing_lines": [], "excluded_lines": []}, "stratify_by_confidence": {"executed_lines": [310, 311, 313, 314, 315, 316, 317, 319, 320, 321, 322, 323, 324, 325, 326, 328], "summary": {"covered_lines": 16, "num_statements": 16, "percent_covered": 100.0, "percent_covered_display": "100", "missing_lines": 0, "excluded_lines": 0, "percent_statements_covered": 100.0, "percent_statements_covered_display": "100"}, "missing_lines": [], "excluded_lines": []}, "stratify_by_label": {"executed_lines": [349, 350, 351, 352, 353, 354, 355], "summary": {"covered_lines": 7, "num_statements": 7, "percent_covered": 100.0, "percent_covered_display": "100", "missing_lines": 0, "excluded_lines": 0, "percent_statements_covered": 100.0, "percent_statements_covered_display": "100"}, "missing_lines": [], "excluded_lines": []}, "stratify_by_span_length": {"executed_lines": [379, 380, 382, 383, 385, 387, 388, 390, 392], "summary": {"covered_lines": 9, "num_statements": 9, "percent_covered": 100.0, "percent_covered_display": "100", "missing_lines": 0, "excluded_lines": 0, "percent_statements_covered": 100.0, "percent_statements_covered_display": "100"}, "missing_lines": [], "excluded_lines": []}, "compute_precision_recall_f1": {"executed_lines": [417, 418, 419, 423, 424, 426, 427, 428, 429, 430, 431, 432, 433, 434, 436, 437, 438, 440], "summary": {"covered_lines": 18, "num_statements": 19, "percent_covered": 94.73684210526316, "percent_covered_display": "95", "missing_lines": 1, "excluded_lines": 0, "percent_statements_covered": 94.73684210526316, "percent_statements_covered_display": "95"}, "missing_lines": [420], "excluded_lines": []}, "": {"executed_lines": [1, 10, 12, 15, 34, 57, 108, 147, 239, 288, 331, 358, 395], "summary": {"covered_lines": 12, "num_statements": 12, "percent_covered": 100.0, "percent_covered_display": "100", "missing_lines": 0, "excluded_lines": 0, "percent_statements_covered": 100.0, "percent_statements_covered_display": "100"}, "missing_lines": [], "excluded_lines": []}}, "classes": {"": {"executed_lines": [1, 10, 12, 15, 31, 34, 50, 51, 52, 53, 54, 57, 81, 82, 84, 85, 87, 88, 89, 90, 91, 92, 94, 95, 96, 98, 99, 101, 108, 131, 132, 134, 135, 136, 137, 139, 147, 174, 175, 176, 177, 180, 182, 183, 184, 185, 186, 187, 188, 189, 191, 195, 199, 202, 210, 219, 220, 221, 222, 226, 228, 239, 266, 267, 270, 271, 272, 275, 278, 281, 282, 283, 285, 288, 310, 311, 313, 314, 315, 316, 317, 319, 320, 321, 322, 323, 324, 325, 326, 328, 331, 349, 350, 351, 352, 353, 354, 355, 358, 379, 380, 382, 383, 385, 387, 388, 390, 392, 395, 417, 418, 419, 423, 424, 426, 427, 428, 429, 430, 431, 432, 433, 434, 436, 437, 438, 440], "summary": {"covered_lines": 126, "num_statements": 129, "percent_covered": 97.67441860465117, "percent_covered_display": "98", "missing_lines": 3, "excluded_lines": 0, "percent_statements_covered": 97.67441860465117, "percent_statements_covered_display": "98"}, "missing_lines": [192, 224, 420], "excluded_lines": []}}}, "src\\knowledge_retrieval.py": {"executed_lines": [1, 3, 4, 5, 10, 11, 12, 13, 14, 15, 18, 19, 20, 21, 22, 23, 24, 26, 27, 28, 31, 34, 35, 36, 37, 38, 39], "summary": {"covered_lines": 27, "num_statements": 27, "percent_covered": 100.0, "percent_covered_display": "100", "missing_lines": 0, "excluded_lines": 1, "percent_statements_covered": 100.0, "percent_statements_covered_display": "100"}, "missing_lines": [], "excluded_lines": [7], "functions": {"_load_csv": {"executed_lines": [11, 12, 13, 14, 15], "summary": {"covered_lines": 5, "num_statements": 5, "percent_covered": 100.0, "percent_covered_display": "100", "missing_lines": 0, "excluded_lines": 0, "percent_statements_covered": 100.0, "percent_statements_covered_display": "100"}, "missing_lines": [], "excluded_lines": []}, "build_index": {"executed_lines": [19, 20, 21, 22, 23, 24, 26, 27, 28], "summary": {"covered_lines": 9, "num_statements": 9, "percent_covered": 100.0, "percent_covered_display": "100", "missing_lines": 0, "excluded_lines": 0, "percent_statements_covered": 100.0, "percent_statements_covered_display": "100"}, "missing_lines": [], "excluded_lines": []}, "context_for_spans": {"executed_lines": [34, 35, 36, 37, 38, 39], "summary": {"covered_lines": 6, "num_statements": 6, "percent_covered": 100.0, "percent_covered_display": "100", "missing_lines": 0, "excluded_lines": 0, "percent_statements_covered": 100.0, "percent_statements_covered_display": "100"}, "missing_lines": [], "excluded_lines": []}, "": {"executed_lines": [1, 3, 4, 5, 10, 18, 31], "summary": {"covered_lines": 7, "num_statements": 7, "percent_covered": 100.0, "percent_covered_display": "100", "missing_lines": 0, "excluded_lines": 1, "percent_statements_covered": 100.0, "percent_statements_covered_display": "100"}, "missing_lines": [], "excluded_lines": [7]}}, "classes": {"": {"executed_lines": [1, 3, 4, 5, 10, 11, 12, 13, 14, 15, 18, 19, 20, 21, 22, 23, 24, 26, 27, 28, 31, 34, 35, 36, 37, 38, 39], "summary": {"covered_lines": 27, "num_statements": 27, "percent_covered": 100.0, "percent_covered_display": "100", "missing_lines": 0, "excluded_lines": 1, "percent_statements_covered": 100.0, "percent_statements_covered_display": "100"}, "missing_lines": [], "excluded_lines": [7]}}}, "src\\llm_agent.py": {"executed_lines": [1, 7, 9, 10, 11, 12, 13, 14, 16, 17, 20, 21, 24, 30, 32, 35, 36, 37, 49, 50, 51, 52, 53, 54, 55, 58, 59, 90, 92, 93, 94, 95, 96, 97, 98, 99, 101, 103, 104, 105, 106, 107, 108, 111, 112, 114, 139, 149, 152, 153, 154, 156, 157, 158, 160, 161, 162, 163, 164, 165, 168, 169, 170, 172, 173, 174, 175, 180, 183, 184, 185, 192, 193, 196, 198, 212, 216, 222, 235, 260, 272, 274, 315, 338, 339, 340, 343, 344, 345, 348, 350, 352, 353, 366, 368, 369, 371, 380, 381, 382, 384, 385, 386, 388, 411, 412, 413, 414, 415, 416, 417, 426, 427, 430], "summary": {"covered_lines": 110, "num_statements": 155, "percent_covered": 70.96774193548387, "percent_covered_display": "71", "missing_lines": 45, "excluded_lines": 2, "percent_statements_covered": 70.96774193548387, "percent_statements_covered_display": "71"}, "missing_lines": [19, 25, 26, 28, 109, 110, 121, 122, 125, 126, 127, 128, 135, 136, 150, 166, 176, 179, 181, 187, 188, 189, 190, 191, 237, 242, 243, 255, 257, 287, 289, 294, 295, 302, 304, 306, 313, 356, 357, 360, 363, 364, 383, 428, 429], "excluded_lines": [112, 137], "functions": {"LLMAgent.__init__": {"executed_lines": [92, 93, 94, 95, 96, 97, 98, 99], "summary": {"covered_lines": 8, "num_statements": 8, "percent_covered": 100.0, "percent_covered_display": "100", "missing_lines": 0, "excluded_lines": 0, "percent_statements_covered": 100.0, "percent_statements_covered_display": "100"}, "missing_lines": [], "excluded_lines": []}, "LLMAgent._load_cache": {"executed_lines": [103, 104, 105, 106, 107, 108, 111, 112], "summary": {"covered_lines": 7, "num_statements": 9, "percent_covered": 77.77777777777777, "percent_covered_display": "78", "missing_lines": 2, "excluded_lines": 1, "percent_statements_covered": 77.77777777777777, "percent_statements_covered_display": "78"}, "missing_lines": [109, 110], "excluded_lines": [112]}, "LLMAgent._save_to_cache": {"executed_lines": [], "summary": {"covered_lines": 0, "num_statements": 8, "percent_covered": 0.0, "percent_covered_display": "0", "missing_lines": 8, "excluded_lines": 1, "percent_statements_covered": 0.0, "percent_statements_covered_display": "0"}, "missing_lines": [121, 122, 125, 126, 127, 128, 135, 136], "excluded_lines": [137]}, "LLMAgent._get_client": {"executed_lines": [149, 152, 153, 154, 156, 157, 158, 160, 161, 162, 163, 164, 165, 168, 169, 170, 172, 173, 174, 175, 180, 183, 184, 185, 192, 193, 196], "summary": {"covered_lines": 27, "num_statements": 37, "percent_covered": 72.97297297297297, "percent_covered_display": "73", "missing_lines": 10, "excluded_lines": 0, "percent_statements_covered": 72.97297297297297, "percent_statements_covered_display": "73"}, "missing_lines": [150, 166, 176, 179, 181, 187, 188, 189, 190, 191], "excluded_lines": []}, "LLMAgent.format_prompt": {"executed_lines": [212, 216], "summary": {"covered_lines": 2, "num_statements": 2, "percent_covered": 100.0, "percent_covered_display": "100", "missing_lines": 0, "excluded_lines": 0, "percent_statements_covered": 100.0, "percent_statements_covered_display": "100"}, "missing_lines": [], "excluded_lines": []}, "LLMAgent._call_openai_api": {"executed_lines": [235, 260, 272], "summary": {"covered_lines": 3, "num_statements": 6, "percent_covered": 50.0, "percent_covered_display": "50", "missing_lines": 3, "excluded_lines": 0, "percent_statements_covered": 50.0, "percent_statements_covered_display": "50"}, "missing_lines": [237, 242, 257], "excluded_lines": []}, "LLMAgent._call_openai_api._api_call": {"executed_lines": [], "summary": {"covered_lines": 0, "num_statements": 2, "percent_covered": 0.0, "percent_covered_display": "0", "missing_lines": 2, "excluded_lines": 0, "percent_statements_covered": 0.0, "percent_statements_covered_display": "0"}, "missing_lines": [243, 255], "excluded_lines": []}, "LLMAgent._call_anthropic_api": {"executed_lines": [], "summary": {"covered_lines": 0, "num_statements": 6, "percent_covered": 0.0, "percent_covered_display": "0", "missing_lines": 6, "excluded_lines": 0, "percent_statements_covered": 0.0, "percent_statements_covered_display": "0"}, "missing_lines": [287, 289, 294, 304, 306, 313], "excluded_lines": []}, "LLMAgent._call_anthropic_api._api_call": {"executed_lines": [], "summary": {"covered_lines": 0, "num_statements": 2, "percent_covered": 0.0, "percent_covered_display": "0", "missing_lines": 2, "excluded_lines": 0, "percent_statements_covered": 0.0, "percent_statements_covered_display": "0"}, "missing_lines": [295, 302], "excluded_lines": []}, "LLMAgent.call": {"executed_lines": [338, 339, 340, 343, 344, 345, 348, 350, 352, 353, 366, 368, 369], "summary": {"covered_lines": 13, "num_statements": 18, "percent_covered": 72.22222222222223, "percent_covered_display": "72", "missing_lines": 5, "excluded_lines": 0, "percent_statements_covered": 72.22222222222223, "percent_statements_covered_display": "72"}, "missing_lines": [356, 357, 360, 363, 364], "excluded_lines": []}, "LLMAgent.parse": {"executed_lines": [380, 381, 382, 384, 385, 386], "summary": {"covered_lines": 6, "num_statements": 7, "percent_covered": 85.71428571428571, "percent_covered_display": "86", "missing_lines": 1, "excluded_lines": 0, "percent_statements_covered": 85.71428571428571, "percent_statements_covered_display": "86"}, "missing_lines": [383], "excluded_lines": []}, "LLMAgent.suggest": {"executed_lines": [411, 412, 413, 414, 415, 416, 417, 426, 427, 430], "summary": {"covered_lines": 10, "num_statements": 12, "percent_covered": 83.33333333333333, "percent_covered_display": "83", "missing_lines": 2, "excluded_lines": 0, "percent_statements_covered": 83.33333333333333, "percent_statements_covered_display": "83"}, "missing_lines": [428, 429], "excluded_lines": []}, "": {"executed_lines": [1, 7, 9, 10, 11, 12, 13, 14, 16, 17, 20, 21, 24, 30, 32, 35, 36, 37, 49, 50, 51, 52, 53, 54, 55, 58, 59, 90, 101, 114, 139, 198, 222, 274, 315, 371, 388], "summary": {"covered_lines": 34, "num_statements": 38, "percent_covered": 89.47368421052632, "percent_covered_display": "89", "missing_lines": 4, "excluded_lines": 0, "percent_statements_covered": 89.47368421052632, "percent_statements_covered_display": "89"}, "missing_lines": [19, 25, 26, 28], "excluded_lines": []}}, "classes": {"LLMSuggestion": {"executed_lines": [], "summary": {"covered_lines": 0, "num_statements": 0, "percent_covered": 100.0, "percent_covered_display": "100", "missing_lines": 0, "excluded_lines": 0, "percent_statements_covered": 100.0, "percent_statements_covered_display": "100"}, "missing_lines": [], "excluded_lines": []}, "LLMAgent": {"executed_lines": [92, 93, 94, 95, 96, 97, 98, 99, 103, 104, 105, 106, 107, 108, 111, 112, 149, 152, 153, 154, 156, 157, 158, 160, 161, 162, 163, 164, 165, 168, 169, 170, 172, 173, 174, 175, 180, 183, 184, 185, 192, 193, 196, 212, 216, 235, 260, 272, 338, 339, 340, 343, 344, 345, 348, 350, 352, 353, 366, 368, 369, 380, 381, 382, 384, 385, 386, 411, 412, 413, 414, 415, 416, 417, 426, 427, 430], "summary": {"covered_lines": 76, "num_statements": 117, "percent_covered": 64.95726495726495, "percent_covered_display": "65", "missing_lines": 41, "excluded_lines": 2, "percent_statements_covered": 64.95726495726495, "percent_statements_covered_display": "65"}, "missing_lines": [109, 110, 121, 122, 125, 126, 127, 128, 135, 136, 150, 166, 176, 179, 181, 187, 188, 189, 190, 191, 237, 242, 243, 255, 257, 287, 289, 294, 295, 302, 304, 306, 313, 356, 357, 360, 363, 364, 383, 428, 429], "excluded_lines": [112, 137]}, "": {"executed_lines": [1, 7, 9, 10, 11, 12, 13, 14, 16, 17, 20, 21, 24, 30, 32, 35, 36, 37, 49, 50, 51, 52, 53, 54, 55, 58, 59, 90, 101, 114, 139, 198, 222, 274, 315, 371, 388], "summary": {"covered_lines": 34, "num_statements": 38, "percent_covered": 89.47368421052632, "percent_covered_display": "89", "missing_lines": 4, "excluded_lines": 0, "percent_statements_covered": 89.47368421052632, "percent_statements_covered_display": "89"}, "missing_lines": [19, 25, 26, 28], "excluded_lines": []}}}, "src\\model.py": {"executed_lines": [1, 7, 9, 11, 13, 14, 17, 34, 35, 36, 39, 58, 59, 60, 61, 62, 65, 85], "summary": {"covered_lines": 17, "num_statements": 17, "percent_covered": 100.0, "percent_covered_display": "100", "missing_lines": 0, "excluded_lines": 0, "percent_statements_covered": 100.0, "percent_statements_covered_display": "100"}, "missing_lines": [], "excluded_lines": [], "functions": {"get_tokenizer": {"executed_lines": [34, 35, 36], "summary": {"covered_lines": 3, "num_statements": 3, "percent_covered": 100.0, "percent_covered_display": "100", "missing_lines": 0, "excluded_lines": 0, "percent_statements_covered": 100.0, "percent_statements_covered_display": "100"}, "missing_lines": [], "excluded_lines": []}, "get_model": {"executed_lines": [58, 59, 60, 61, 62], "summary": {"covered_lines": 5, "num_statements": 5, "percent_covered": 100.0, "percent_covered_display": "100", "missing_lines": 0, "excluded_lines": 0, "percent_statements_covered": 100.0, "percent_statements_covered_display": "100"}, "missing_lines": [], "excluded_lines": []}, "encode_text": {"executed_lines": [85], "summary": {"covered_lines": 1, "num_statements": 1, "percent_covered": 100.0, "percent_covered_display": "100", "missing_lines": 0, "excluded_lines": 0, "percent_statements_covered": 100.0, "percent_statements_covered_display": "100"}, "missing_lines": [], "excluded_lines": []}, "": {"executed_lines": [1, 7, 9, 11, 13, 14, 17, 39, 65], "summary": {"covered_lines": 8, "num_statements": 8, "percent_covered": 100.0, "percent_covered_display": "100", "missing_lines": 0, "excluded_lines": 0, "percent_statements_covered": 100.0, "percent_statements_covered_display": "100"}, "missing_lines": [], "excluded_lines": []}}, "classes": {"": {"executed_lines": [1, 7, 9, 11, 13, 14, 17, 34, 35, 36, 39, 58, 59, 60, 61, 62, 65, 85], "summary": {"covered_lines": 17, "num_statements": 17, "percent_covered": 100.0, "percent_covered_display": "100", "missing_lines": 0, "excluded_lines": 0, "percent_statements_covered": 100.0, "percent_statements_covered_display": "100"}, "missing_lines": [], "excluded_lines": []}}}, "src\\model_token_cls.py": {"executed_lines": [1, 7, 9, 10, 12, 14, 17, 18, 19, 20, 22, 23, 24, 25, 28, 29, 30, 31, 32, 33, 34, 40, 41, 44], "summary": {"covered_lines": 23, "num_statements": 23, "percent_covered": 100.0, "percent_covered_display": "100", "missing_lines": 0, "excluded_lines": 0, "percent_statements_covered": 100.0, "percent_statements_covered_display": "100"}, "missing_lines": [], "excluded_lines": [], "functions": {"load_labels": {"executed_lines": [18, 19, 20, 22, 23, 24, 25], "summary": {"covered_lines": 7, "num_statements": 7, "percent_covered": 100.0, "percent_covered_display": "100", "missing_lines": 0, "excluded_lines": 0, "percent_statements_covered": 100.0, "percent_statements_covered_display": "100"}, "missing_lines": [], "excluded_lines": []}, "get_token_cls_model": {"executed_lines": [29, 30, 31, 32, 33, 34, 40, 41], "summary": {"covered_lines": 8, "num_statements": 8, "percent_covered": 100.0, "percent_covered_display": "100", "missing_lines": 0, "excluded_lines": 0, "percent_statements_covered": 100.0, "percent_statements_covered_display": "100"}, "missing_lines": [], "excluded_lines": []}, "": {"executed_lines": [1, 7, 9, 10, 12, 14, 17, 28, 44], "summary": {"covered_lines": 8, "num_statements": 8, "percent_covered": 100.0, "percent_covered_display": "100", "missing_lines": 0, "excluded_lines": 0, "percent_statements_covered": 100.0, "percent_statements_covered_display": "100"}, "missing_lines": [], "excluded_lines": []}}, "classes": {"": {"executed_lines": [1, 7, 9, 10, 12, 14, 17, 18, 19, 20, 22, 23, 24, 25, 28, 29, 30, 31, 32, 33, 34, 40, 41, 44], "summary": {"covered_lines": 23, "num_statements": 23, "percent_covered": 100.0, "percent_covered_display": "100", "missing_lines": 0, "excluded_lines": 0, "percent_statements_covered": 100.0, "percent_statements_covered_display": "100"}, "missing_lines": [], "excluded_lines": []}}}, "src\\pipeline.py": {"executed_lines": [1, 7, 8, 10, 11, 13, 14, 15, 23, 34, 37, 48, 49, 50, 53, 69, 72, 93, 94, 95, 96, 97, 98, 99, 102, 103, 104, 105, 108, 121, 122, 125, 126, 140], "summary": {"covered_lines": 33, "num_statements": 33, "percent_covered": 100.0, "percent_covered_display": "100", "missing_lines": 0, "excluded_lines": 0, "percent_statements_covered": 100.0, "percent_statements_covered_display": "100"}, "missing_lines": [], "excluded_lines": [], "functions": {"tokenize_batch": {"executed_lines": [34], "summary": {"covered_lines": 1, "num_statements": 1, "percent_covered": 100.0, "percent_covered_display": "100", "missing_lines": 0, "excluded_lines": 0, "percent_statements_covered": 100.0, "percent_statements_covered_display": "100"}, "missing_lines": [], "excluded_lines": []}, "predict_tokens": {"executed_lines": [48, 49, 50], "summary": {"covered_lines": 3, "num_statements": 3, "percent_covered": 100.0, "percent_covered_display": "100", "missing_lines": 0, "excluded_lines": 0, "percent_statements_covered": 100.0, "percent_statements_covered_display": "100"}, "missing_lines": [], "excluded_lines": []}, "postprocess_predictions": {"executed_lines": [69], "summary": {"covered_lines": 1, "num_statements": 1, "percent_covered": 100.0, "percent_covered_display": "100", "missing_lines": 0, "excluded_lines": 0, "percent_statements_covered": 100.0, "percent_statements_covered_display": "100"}, "missing_lines": [], "excluded_lines": []}, "simple_inference": {"executed_lines": [93, 94, 95, 96, 97, 98, 99, 102, 103, 104, 105, 108, 121, 122, 125, 126, 140], "summary": {"covered_lines": 17, "num_statements": 17, "percent_covered": 100.0, "percent_covered_display": "100", "missing_lines": 0, "excluded_lines": 0, "percent_statements_covered": 100.0, "percent_statements_covered_display": "100"}, "missing_lines": [], "excluded_lines": []}, "": {"executed_lines": [1, 7, 8, 10, 11, 13, 14, 15, 23, 37, 53, 72], "summary": {"covered_lines": 11, "num_statements": 11, "percent_covered": 100.0, "percent_covered_display": "100", "missing_lines": 0, "excluded_lines": 0, "percent_statements_covered": 100.0, "percent_statements_covered_display": "100"}, "missing_lines": [], "excluded_lines": []}}, "classes": {"": {"executed_lines": [1, 7, 8, 10, 11, 13, 14, 15, 23, 34, 37, 48, 49, 50, 53, 69, 72, 93, 94, 95, 96, 97, 98, 99, 102, 103, 104, 105, 108, 121, 122, 125, 126, 140], "summary": {"covered_lines": 33, "num_statements": 33, "percent_covered": 100.0, "percent_covered_display": "100", "missing_lines": 0, "excluded_lines": 0, "percent_statements_covered": 100.0, "percent_statements_covered_display": "100"}, "missing_lines": [], "excluded_lines": []}}}, "src\\weak_label.py": {"executed_lines": [1, 36, 38, 39, 40, 41, 42, 43, 45, 46, 48, 55, 72, 74, 90, 121, 147, 148, 149, 150, 151, 152, 153, 154, 157, 158, 159, 160, 161, 162, 163, 164, 165, 166, 167, 168, 169, 172, 173, 175, 176, 177, 178, 179, 180, 182, 183, 191, 194, 195, 197, 198, 199, 200, 201, 202, 204, 205, 214, 217, 219, 220, 221, 222, 225, 239, 241, 242, 243, 245, 246, 247, 250, 256, 257, 258, 259, 261, 264, 266, 267, 268, 269, 270, 273, 274, 275, 276, 277, 278, 281, 290, 296, 297, 300, 302, 303, 304, 305, 308, 309, 310, 311, 314, 315, 318, 349, 350, 353, 355, 356, 357, 360, 361, 362, 363, 364, 365, 372, 373, 377, 378, 379, 380, 381, 382, 383, 384, 385, 386, 387, 388, 390, 391, 392, 393, 394, 395, 397, 412, 415, 416, 417, 418, 419, 422, 423, 426, 427, 428, 429, 430, 431, 432, 433, 435, 436, 437, 439, 442, 447, 448, 451, 452, 453, 454, 455, 456, 457, 459, 460, 461, 463, 464, 465, 467, 468, 471, 472, 473, 481, 484, 486, 502, 503, 506, 507, 508, 511, 512, 513, 518, 535, 538, 561, 573, 594, 605, 606, 609, 616, 619, 620, 623, 633, 637, 638, 639, 658], "summary": {"covered_lines": 208, "num_statements": 245, "percent_covered": 84.89795918367346, "percent_covered_display": "85", "missing_lines": 37, "excluded_lines": 0, "percent_statements_covered": 84.89795918367346, "percent_statements_covered_display": "85"}, "missing_lines": [49, 50, 52, 174, 181, 196, 203, 232, 233, 234, 235, 236, 244, 282, 284, 285, 286, 287, 458, 474, 485, 488, 489, 490, 491, 492, 494, 495, 496, 497, 498, 499, 504, 514, 515, 516, 630], "excluded_lines": [], "functions": {"load_symptom_lexicon": {"executed_lines": [173, 175, 176, 177, 178, 179, 180, 182, 183, 191], "summary": {"covered_lines": 10, "num_statements": 12, "percent_covered": 83.33333333333333, "percent_covered_display": "83", "missing_lines": 2, "excluded_lines": 0, "percent_statements_covered": 83.33333333333333, "percent_statements_covered_display": "83"}, "missing_lines": [174, 181], "excluded_lines": []}, "load_product_lexicon": {"executed_lines": [195, 197, 198, 199, 200, 201, 202, 204, 205, 214], "summary": {"covered_lines": 10, "num_statements": 12, "percent_covered": 83.33333333333333, "percent_covered_display": "83", "missing_lines": 2, "excluded_lines": 0, "percent_statements_covered": 83.33333333333333, "percent_statements_covered_display": "83"}, "missing_lines": [196, 203], "excluded_lines": []}, "_tokenize": {"executed_lines": [219, 220, 221, 222], "summary": {"covered_lines": 4, "num_statements": 4, "percent_covered": 100.0, "percent_covered_display": "100", "missing_lines": 0, "excluded_lines": 0, "percent_statements_covered": 100.0, "percent_statements_covered_display": "100"}, "missing_lines": [], "excluded_lines": []}, "_tokenize_clean": {"executed_lines": [], "summary": {"covered_lines": 0, "num_statements": 5, "percent_covered": 0.0, "percent_covered_display": "0", "missing_lines": 5, "excluded_lines": 0, "percent_statements_covered": 0.0, "percent_statements_covered_display": "0"}, "missing_lines": [232, 233, 234, 235, 236], "excluded_lines": []}, "_jaccard_token_score": {"executed_lines": [241, 242, 243, 245, 246, 247], "summary": {"covered_lines": 6, "num_statements": 7, "percent_covered": 85.71428571428571, "percent_covered_display": "86", "missing_lines": 1, "excluded_lines": 0, "percent_statements_covered": 85.71428571428571, "percent_statements_covered_display": "86"}, "missing_lines": [244], "excluded_lines": []}, "detect_negated_regions": {"executed_lines": [256, 257, 258, 259, 261, 264, 266, 267, 268, 269, 270, 273, 274, 275, 276, 277, 278], "summary": {"covered_lines": 17, "num_statements": 17, "percent_covered": 100.0, "percent_covered_display": "100", "missing_lines": 0, "excluded_lines": 0, "percent_statements_covered": 100.0, "percent_statements_covered_display": "100"}, "missing_lines": [], "excluded_lines": []}, "_is_negated": {"executed_lines": [], "summary": {"covered_lines": 0, "num_statements": 5, "percent_covered": 0.0, "percent_covered_display": "0", "missing_lines": 5, "excluded_lines": 0, "percent_statements_covered": 0.0, "percent_statements_covered_display": "0"}, "missing_lines": [282, 284, 285, 286, 287], "excluded_lines": []}, "_deduplicate_spans": {"executed_lines": [296, 297, 300, 302, 303, 304, 305, 308, 309, 310, 311, 314, 315], "summary": {"covered_lines": 13, "num_statements": 13, "percent_covered": 100.0, "percent_covered_display": "100", "missing_lines": 0, "excluded_lines": 0, "percent_statements_covered": 100.0, "percent_statements_covered_display": "100"}, "missing_lines": [], "excluded_lines": []}, "_match_entities": {"executed_lines": [349, 350, 353, 355, 356, 357, 360, 361, 362, 363, 364, 365, 372, 373, 377, 378, 379, 380, 381, 382, 383, 384, 385, 386, 387, 388, 390, 391, 392, 393, 394, 395, 397, 412, 415, 416, 417, 418, 419, 422, 423, 426, 427, 428, 429, 430, 431, 432, 433, 435, 436, 437, 439, 442, 447, 448, 451, 452, 453, 454, 455, 456, 457, 459, 460, 461, 463, 464, 465, 467, 468, 471, 472, 473, 481, 484, 486, 502, 503, 506, 507, 508, 511, 512, 513, 518, 535], "summary": {"covered_lines": 87, "num_statements": 105, "percent_covered": 82.85714285714286, "percent_covered_display": "83", "missing_lines": 18, "excluded_lines": 0, "percent_statements_covered": 82.85714285714286, "percent_statements_covered_display": "83"}, "missing_lines": [458, 474, 485, 488, 489, 490, 491, 492, 494, 495, 496, 497, 498, 499, 504, 514, 515, 516], "excluded_lines": []}, "match_symptoms": {"executed_lines": [561], "summary": {"covered_lines": 1, "num_statements": 1, "percent_covered": 100.0, "percent_covered_display": "100", "missing_lines": 0, "excluded_lines": 0, "percent_statements_covered": 100.0, "percent_statements_covered_display": "100"}, "missing_lines": [], "excluded_lines": []}, "match_products": {"executed_lines": [594], "summary": {"covered_lines": 1, "num_statements": 1, "percent_covered": 100.0, "percent_covered_display": "100", "missing_lines": 0, "excluded_lines": 0, "percent_statements_covered": 100.0, "percent_statements_covered_display": "100"}, "missing_lines": [], "excluded_lines": []}, "assemble_spans": {"executed_lines": [606], "summary": {"covered_lines": 1, "num_statements": 1, "percent_covered": 100.0, "percent_covered_display": "100", "missing_lines": 0, "excluded_lines": 0, "percent_statements_covered": 100.0, "percent_statements_covered_display": "100"}, "missing_lines": [], "excluded_lines": []}, "weak_label": {"executed_lines": [616, 619, 620], "summary": {"covered_lines": 3, "num_statements": 3, "percent_covered": 100.0, "percent_covered_display": "100", "missing_lines": 0, "excluded_lines": 0, "percent_statements_covered": 100.0, "percent_statements_covered_display": "100"}, "missing_lines": [], "excluded_lines": []}, "weak_label_batch": {"executed_lines": [], "summary": {"covered_lines": 0, "num_statements": 1, "percent_covered": 0.0, "percent_covered_display": "0", "missing_lines": 1, "excluded_lines": 0, "percent_statements_covered": 0.0, "percent_statements_covered_display": "0"}, "missing_lines": [630], "excluded_lines": []}, "persist_weak_labels_jsonl": {"executed_lines": [637, 638, 639, 658], "summary": {"covered_lines": 4, "num_statements": 4, "percent_covered": 100.0, "percent_covered_display": "100", "missing_lines": 0, "excluded_lines": 0, "percent_statements_covered": 100.0, "percent_statements_covered_display": "100"}, "missing_lines": [], "excluded_lines": []}, "": {"executed_lines": [1, 36, 38, 39, 40, 41, 42, 43, 45, 46, 48, 55, 72, 74, 90, 121, 147, 148, 149, 150, 151, 152, 153, 154, 157, 158, 159, 160, 161, 162, 163, 164, 165, 166, 167, 168, 169, 172, 194, 217, 225, 239, 250, 281, 290, 318, 538, 573, 605, 609, 623, 633], "summary": {"covered_lines": 51, "num_statements": 54, "percent_covered": 94.44444444444444, "percent_covered_display": "94", "missing_lines": 3, "excluded_lines": 0, "percent_statements_covered": 94.44444444444444, "percent_statements_covered_display": "94"}, "missing_lines": [49, 50, 52], "excluded_lines": []}}, "classes": {"LexiconEntry": {"executed_lines": [], "summary": {"covered_lines": 0, "num_statements": 0, "percent_covered": 100.0, "percent_covered_display": "100", "missing_lines": 0, "excluded_lines": 0, "percent_statements_covered": 100.0, "percent_statements_covered_display": "100"}, "missing_lines": [], "excluded_lines": []}, "Span": {"executed_lines": [], "summary": {"covered_lines": 0, "num_statements": 0, "percent_covered": 100.0, "percent_covered_display": "100", "missing_lines": 0, "excluded_lines": 0, "percent_statements_covered": 100.0, "percent_statements_covered_display": "100"}, "missing_lines": [], "excluded_lines": []}, "": {"executed_lines": [1, 36, 38, 39, 40, 41, 42, 43, 45, 46, 48, 55, 72, 74, 90, 121, 147, 148, 149, 150, 151, 152, 153, 154, 157, 158, 159, 160, 161, 162, 163, 164, 165, 166, 167, 168, 169, 172, 173, 175, 176, 177, 178, 179, 180, 182, 183, 191, 194, 195, 197, 198, 199, 200, 201, 202, 204, 205, 214, 217, 219, 220, 221, 222, 225, 239, 241, 242, 243, 245, 246, 247, 250, 256, 257, 258, 259, 261, 264, 266, 267, 268, 269, 270, 273, 274, 275, 276, 277, 278, 281, 290, 296, 297, 300, 302, 303, 304, 305, 308, 309, 310, 311, 314, 315, 318, 349, 350, 353, 355, 356, 357, 360, 361, 362, 363, 364, 365, 372, 373, 377, 378, 379, 380, 381, 382, 383, 384, 385, 386, 387, 388, 390, 391, 392, 393, 394, 395, 397, 412, 415, 416, 417, 418, 419, 422, 423, 426, 427, 428, 429, 430, 431, 432, 433, 435, 436, 437, 439, 442, 447, 448, 451, 452, 453, 454, 455, 456, 457, 459, 460, 461, 463, 464, 465, 467, 468, 471, 472, 473, 481, 484, 486, 502, 503, 506, 507, 508, 511, 512, 513, 518, 535, 538, 561, 573, 594, 605, 606, 609, 616, 619, 620, 623, 633, 637, 638, 639, 658], "summary": {"covered_lines": 208, "num_statements": 245, "percent_covered": 84.89795918367346, "percent_covered_display": "85", "missing_lines": 37, "excluded_lines": 0, "percent_statements_covered": 84.89795918367346, "percent_statements_covered_display": "85"}, "missing_lines": [49, 50, 52, 174, 181, 196, 203, 232, 233, 234, 235, 236, 244, 282, 284, 285, 286, 287, 458, 474, 485, 488, 489, 490, 491, 492, 494, 495, 496, 497, 498, 499, 504, 514, 515, 516, 630], "excluded_lines": []}}}, "src\\weak_labeling\\confidence.py": {"executed_lines": [1, 7, 9, 12, 34, 35, 38, 41, 44, 65, 67, 69, 72, 73, 74, 77, 78, 79, 81, 82, 84, 87, 108, 109, 110, 113, 131, 132, 135, 137, 138, 140, 141, 142, 144, 145, 147, 149], "summary": {"covered_lines": 37, "num_statements": 37, "percent_covered": 100.0, "percent_covered_display": "100", "missing_lines": 0, "excluded_lines": 0, "percent_statements_covered": 100.0, "percent_statements_covered_display": "100"}, "missing_lines": [], "excluded_lines": [], "functions": {"compute_confidence": {"executed_lines": [34, 35, 38, 41], "summary": {"covered_lines": 4, "num_statements": 4, "percent_covered": 100.0, "percent_covered_display": "100", "missing_lines": 0, "excluded_lines": 0, "percent_statements_covered": 100.0, "percent_statements_covered_display": "100"}, "missing_lines": [], "excluded_lines": []}, "align_spans": {"executed_lines": [65, 67, 69, 72, 73, 74, 77, 78, 79, 81, 82, 84], "summary": {"covered_lines": 12, "num_statements": 12, "percent_covered": 100.0, "percent_covered_display": "100", "missing_lines": 0, "excluded_lines": 0, "percent_statements_covered": 100.0, "percent_statements_covered_display": "100"}, "missing_lines": [], "excluded_lines": []}, "adjust_confidence_for_negation": {"executed_lines": [108, 109, 110], "summary": {"covered_lines": 3, "num_statements": 3, "percent_covered": 100.0, "percent_covered_display": "100", "missing_lines": 0, "excluded_lines": 0, "percent_statements_covered": 100.0, "percent_statements_covered_display": "100"}, "missing_lines": [], "excluded_lines": []}, "calibrate_threshold": {"executed_lines": [131, 132, 135, 137, 138, 140, 141, 142, 144, 145, 147, 149], "summary": {"covered_lines": 12, "num_statements": 12, "percent_covered": 100.0, "percent_covered_display": "100", "missing_lines": 0, "excluded_lines": 0, "percent_statements_covered": 100.0, "percent_statements_covered_display": "100"}, "missing_lines": [], "excluded_lines": []}, "": {"executed_lines": [1, 7, 9, 12, 44, 87, 113], "summary": {"covered_lines": 6, "num_statements": 6, "percent_covered": 100.0, "percent_covered_display": "100", "missing_lines": 0, "excluded_lines": 0, "percent_statements_covered": 100.0, "percent_statements_covered_display": "100"}, "missing_lines": [], "excluded_lines": []}}, "classes": {"": {"executed_lines": [1, 7, 9, 12, 34, 35, 38, 41, 44, 65, 67, 69, 72, 73, 74, 77, 78, 79, 81, 82, 84, 87, 108, 109, 110, 113, 131, 132, 135, 137, 138, 140, 141, 142, 144, 145, 147, 149], "summary": {"covered_lines": 37, "num_statements": 37, "percent_covered": 100.0, "percent_covered_display": "100", "missing_lines": 0, "excluded_lines": 0, "percent_statements_covered": 100.0, "percent_statements_covered_display": "100"}, "missing_lines": [], "excluded_lines": []}}}, "src\\weak_labeling\\labeler.py": {"executed_lines": [1, 7, 9, 10, 11, 12, 14, 15, 22, 23, 28, 30, 31, 34, 35, 52, 75, 77, 80, 83, 84, 85, 86, 88, 114, 126, 168, 172, 174, 175, 176, 179, 180, 181, 182, 183, 184, 191, 192, 195, 196, 197, 198, 199, 200, 201, 202, 203, 204, 205, 206, 208, 209, 210, 215, 230, 233, 234, 235, 236, 237, 240, 241, 244, 245, 246, 248, 249, 250, 251, 253, 254, 255, 257, 260, 265, 266, 269, 270, 271, 272, 273, 274, 275, 277, 278, 281, 282, 285, 286, 353, 356, 379, 391, 412, 423, 433, 436, 455, 458, 459, 462, 481, 484], "summary": {"covered_lines": 102, "num_statements": 150, "percent_covered": 68.0, "percent_covered_display": "68", "missing_lines": 48, "excluded_lines": 1, "percent_statements_covered": 68.0, "percent_statements_covered_display": "68"}, "missing_lines": [97, 105, 112, 123, 169, 211, 212, 213, 247, 276, 279, 283, 289, 290, 291, 292, 299, 302, 303, 304, 306, 307, 308, 309, 310, 312, 313, 314, 315, 316, 317, 320, 321, 322, 324, 325, 326, 329, 330, 331, 332, 333, 334, 336, 494, 495, 496, 515], "excluded_lines": [136], "functions": {"WeakLabeler.__init__": {"executed_lines": [75, 77, 80, 83, 84, 85, 86], "summary": {"covered_lines": 7, "num_statements": 7, "percent_covered": 100.0, "percent_covered_display": "100", "missing_lines": 0, "excluded_lines": 0, "percent_statements_covered": 100.0, "percent_statements_covered_display": "100"}, "missing_lines": [], "excluded_lines": []}, "WeakLabeler.label_text": {"executed_lines": [], "summary": {"covered_lines": 0, "num_statements": 3, "percent_covered": 0.0, "percent_covered_display": "0", "missing_lines": 3, "excluded_lines": 0, "percent_statements_covered": 0.0, "percent_statements_covered_display": "0"}, "missing_lines": [97, 105, 112], "excluded_lines": []}, "WeakLabeler.label_batch": {"executed_lines": [], "summary": {"covered_lines": 0, "num_statements": 1, "percent_covered": 0.0, "percent_covered_display": "0", "missing_lines": 1, "excluded_lines": 0, "percent_statements_covered": 0.0, "percent_statements_covered_display": "0"}, "missing_lines": [123], "excluded_lines": []}, "_match_entities": {"executed_lines": [168, 172, 174, 175, 176, 179, 180, 181, 182, 183, 184, 191, 192, 195, 196, 197, 198, 199, 200, 201, 202, 203, 204, 205, 206, 208, 209, 210, 215, 230, 233, 234, 235, 236, 237, 240, 241, 244, 245, 246, 248, 249, 250, 251, 253, 254, 255, 257, 260, 265, 266, 269, 270, 271, 272, 273, 274, 275, 277, 278, 281, 282, 285, 286, 353], "summary": {"covered_lines": 65, "num_statements": 105, "percent_covered": 61.904761904761905, "percent_covered_display": "62", "missing_lines": 40, "excluded_lines": 1, "percent_statements_covered": 61.904761904761905, "percent_statements_covered_display": "62"}, "missing_lines": [169, 211, 212, 213, 247, 276, 279, 283, 289, 290, 291, 292, 299, 302, 303, 304, 306, 307, 308, 309, 310, 312, 313, 314, 315, 316, 317, 320, 321, 322, 324, 325, 326, 329, 330, 331, 332, 333, 334, 336], "excluded_lines": [136]}, "match_symptoms": {"executed_lines": [379], "summary": {"covered_lines": 1, "num_statements": 1, "percent_covered": 100.0, "percent_covered_display": "100", "missing_lines": 0, "excluded_lines": 0, "percent_statements_covered": 100.0, "percent_statements_covered_display": "100"}, "missing_lines": [], "excluded_lines": []}, "match_products": {"executed_lines": [412], "summary": {"covered_lines": 1, "num_statements": 1, "percent_covered": 100.0, "percent_covered_display": "100", "missing_lines": 0, "excluded_lines": 0, "percent_statements_covered": 100.0, "percent_statements_covered_display": "100"}, "missing_lines": [], "excluded_lines": []}, "assemble_spans": {"executed_lines": [433], "summary": {"covered_lines": 1, "num_statements": 1, "percent_covered": 100.0, "percent_covered_display": "100", "missing_lines": 0, "excluded_lines": 0, "percent_statements_covered": 100.0, "percent_statements_covered_display": "100"}, "missing_lines": [], "excluded_lines": []}, "weak_label": {"executed_lines": [455, 458, 459], "summary": {"covered_lines": 3, "num_statements": 3, "percent_covered": 100.0, "percent_covered_display": "100", "missing_lines": 0, "excluded_lines": 0, "percent_statements_covered": 100.0, "percent_statements_covered_display": "100"}, "missing_lines": [], "excluded_lines": []}, "weak_label_batch": {"executed_lines": [481], "summary": {"covered_lines": 1, "num_statements": 1, "percent_covered": 100.0, "percent_covered_display": "100", "missing_lines": 0, "excluded_lines": 0, "percent_statements_covered": 100.0, "percent_statements_covered_display": "100"}, "missing_lines": [], "excluded_lines": []}, "persist_weak_labels_jsonl": {"executed_lines": [], "summary": {"covered_lines": 0, "num_statements": 4, "percent_covered": 0.0, "percent_covered_display": "0", "missing_lines": 4, "excluded_lines": 0, "percent_statements_covered": 0.0, "percent_statements_covered_display": "0"}, "missing_lines": [494, 495, 496, 515], "excluded_lines": []}, "": {"executed_lines": [1, 7, 9, 10, 11, 12, 14, 15, 22, 23, 28, 30, 31, 34, 35, 52, 88, 114, 126, 356, 391, 423, 436, 462, 484], "summary": {"covered_lines": 23, "num_statements": 23, "percent_covered": 100.0, "percent_covered_display": "100", "missing_lines": 0, "excluded_lines": 0, "percent_statements_covered": 100.0, "percent_statements_covered_display": "100"}, "missing_lines": [], "excluded_lines": []}}, "classes": {"WeakLabeler": {"executed_lines": [75, 77, 80, 83, 84, 85, 86], "summary": {"covered_lines": 7, "num_statements": 11, "percent_covered": 63.63636363636363, "percent_covered_display": "64", "missing_lines": 4, "excluded_lines": 0, "percent_statements_covered": 63.63636363636363, "percent_statements_covered_display": "64"}, "missing_lines": [97, 105, 112, 123], "excluded_lines": []}, "": {"executed_lines": [1, 7, 9, 10, 11, 12, 14, 15, 22, 23, 28, 30, 31, 34, 35, 52, 88, 114, 126, 168, 172, 174, 175, 176, 179, 180, 181, 182, 183, 184, 191, 192, 195, 196, 197, 198, 199, 200, 201, 202, 203, 204, 205, 206, 208, 209, 210, 215, 230, 233, 234, 235, 236, 237, 240, 241, 244, 245, 246, 248, 249, 250, 251, 253, 254, 255, 257, 260, 265, 266, 269, 270, 271, 272, 273, 274, 275, 277, 278, 281, 282, 285, 286, 353, 356, 379, 391, 412, 423, 433, 436, 455, 458, 459, 462, 481, 484], "summary": {"covered_lines": 95, "num_statements": 139, "percent_covered": 68.34532374100719, "percent_covered_display": "68", "missing_lines": 44, "excluded_lines": 1, "percent_statements_covered": 68.34532374100719, "percent_statements_covered_display": "68"}, "missing_lines": [169, 211, 212, 213, 247, 276, 279, 283, 289, 290, 291, 292, 299, 302, 303, 304, 306, 307, 308, 309, 310, 312, 313, 314, 315, 316, 317, 320, 321, 322, 324, 325, 326, 329, 330, 331, 332, 333, 334, 336, 494, 495, 496, 515], "excluded_lines": [136]}}}, "src\\weak_labeling\\matchers.py": {"executed_lines": [1, 8, 10, 11, 13, 14, 15, 21, 23, 40, 47, 60, 61, 62, 63, 66, 89, 103, 104, 106, 107, 109, 110, 111, 114, 131, 132, 133, 147, 164, 166], "summary": {"covered_lines": 30, "num_statements": 47, "percent_covered": 63.829787234042556, "percent_covered_display": "64", "missing_lines": 17, "excluded_lines": 0, "percent_statements_covered": 63.829787234042556, "percent_statements_covered_display": "64"}, "missing_lines": [16, 17, 18, 82, 83, 84, 85, 86, 134, 135, 136, 137, 138, 139, 141, 144, 165], "excluded_lines": [], "functions": {"tokenize": {"executed_lines": [60, 61, 62, 63], "summary": {"covered_lines": 4, "num_statements": 4, "percent_covered": 100.0, "percent_covered_display": "100", "missing_lines": 0, "excluded_lines": 0, "percent_statements_covered": 100.0, "percent_statements_covered_display": "100"}, "missing_lines": [], "excluded_lines": []}, "tokenize_clean": {"executed_lines": [], "summary": {"covered_lines": 0, "num_statements": 5, "percent_covered": 0.0, "percent_covered_display": "0", "missing_lines": 5, "excluded_lines": 0, "percent_statements_covered": 0.0, "percent_statements_covered_display": "0"}, "missing_lines": [82, 83, 84, 85, 86], "excluded_lines": []}, "jaccard_token_score": {"executed_lines": [103, 104, 106, 107, 109, 110, 111], "summary": {"covered_lines": 7, "num_statements": 7, "percent_covered": 100.0, "percent_covered_display": "100", "missing_lines": 0, "excluded_lines": 0, "percent_statements_covered": 100.0, "percent_statements_covered_display": "100"}, "missing_lines": [], "excluded_lines": []}, "fuzzy_match": {"executed_lines": [131, 132, 133], "summary": {"covered_lines": 3, "num_statements": 11, "percent_covered": 27.272727272727273, "percent_covered_display": "27", "missing_lines": 8, "excluded_lines": 0, "percent_statements_covered": 27.272727272727273, "percent_statements_covered_display": "27"}, "missing_lines": [134, 135, 136, 137, 138, 139, 141, 144], "excluded_lines": []}, "exact_match": {"executed_lines": [164, 166], "summary": {"covered_lines": 2, "num_statements": 3, "percent_covered": 66.66666666666667, "percent_covered_display": "67", "missing_lines": 1, "excluded_lines": 0, "percent_statements_covered": 66.66666666666667, "percent_statements_covered_display": "67"}, "missing_lines": [165], "excluded_lines": []}, "": {"executed_lines": [1, 8, 10, 11, 13, 14, 15, 21, 23, 40, 47, 66, 89, 114, 147], "summary": {"covered_lines": 14, "num_statements": 17, "percent_covered": 82.3529411764706, "percent_covered_display": "82", "missing_lines": 3, "excluded_lines": 0, "percent_statements_covered": 82.3529411764706, "percent_statements_covered_display": "82"}, "missing_lines": [16, 17, 18], "excluded_lines": []}}, "classes": {"": {"executed_lines": [1, 8, 10, 11, 13, 14, 15, 21, 23, 40, 47, 60, 61, 62, 63, 66, 89, 103, 104, 106, 107, 109, 110, 111, 114, 131, 132, 133, 147, 164, 166], "summary": {"covered_lines": 30, "num_statements": 47, "percent_covered": 63.829787234042556, "percent_covered_display": "64", "missing_lines": 17, "excluded_lines": 0, "percent_statements_covered": 63.829787234042556, "percent_statements_covered_display": "64"}, "missing_lines": [16, 17, 18, 82, 83, 84, 85, 86, 134, 135, 136, 137, 138, 139, 141, 144, 165], "excluded_lines": []}}}, "src\\weak_labeling\\negation.py": {"executed_lines": [1, 8, 10, 13, 16, 35, 54, 55, 57, 58, 61, 65, 67, 68, 69, 70, 71, 74, 75, 80, 83, 107, 109, 111, 114, 115, 117, 120, 131], "summary": {"covered_lines": 28, "num_statements": 31, "percent_covered": 90.3225806451613, "percent_covered_display": "90", "missing_lines": 3, "excluded_lines": 0, "percent_statements_covered": 90.3225806451613, "percent_statements_covered_display": "90"}, "missing_lines": [76, 77, 78], "excluded_lines": [], "functions": {"detect_negated_regions": {"executed_lines": [54, 55, 57, 58, 61, 65, 67, 68, 69, 70, 71, 74, 75, 80], "summary": {"covered_lines": 14, "num_statements": 17, "percent_covered": 82.3529411764706, "percent_covered_display": "82", "missing_lines": 3, "excluded_lines": 0, "percent_statements_covered": 82.3529411764706, "percent_statements_covered_display": "82"}, "missing_lines": [76, 77, 78], "excluded_lines": []}, "is_negated": {"executed_lines": [107, 109, 111, 114, 115, 117], "summary": {"covered_lines": 6, "num_statements": 6, "percent_covered": 100.0, "percent_covered_display": "100", "missing_lines": 0, "excluded_lines": 0, "percent_statements_covered": 100.0, "percent_statements_covered_display": "100"}, "missing_lines": [], "excluded_lines": []}, "get_negation_cues": {"executed_lines": [131], "summary": {"covered_lines": 1, "num_statements": 1, "percent_covered": 100.0, "percent_covered_display": "100", "missing_lines": 0, "excluded_lines": 0, "percent_statements_covered": 100.0, "percent_statements_covered_display": "100"}, "missing_lines": [], "excluded_lines": []}, "": {"executed_lines": [1, 8, 10, 13, 16, 35, 83, 120], "summary": {"covered_lines": 7, "num_statements": 7, "percent_covered": 100.0, "percent_covered_display": "100", "missing_lines": 0, "excluded_lines": 0, "percent_statements_covered": 100.0, "percent_statements_covered_display": "100"}, "missing_lines": [], "excluded_lines": []}}, "classes": {"": {"executed_lines": [1, 8, 10, 13, 16, 35, 54, 55, 57, 58, 61, 65, 67, 68, 69, 70, 71, 74, 75, 80, 83, 107, 109, 111, 114, 115, 117, 120, 131], "summary": {"covered_lines": 28, "num_statements": 31, "percent_covered": 90.3225806451613, "percent_covered_display": "90", "missing_lines": 3, "excluded_lines": 0, "percent_statements_covered": 90.3225806451613, "percent_statements_covered_display": "90"}, "missing_lines": [76, 77, 78], "excluded_lines": []}}}, "src\\weak_labeling\\types.py": {"executed_lines": [1, 7, 9, 10, 11, 12, 15, 16, 17, 27, 28, 29, 30, 31, 32, 35, 36, 37, 52, 53, 54, 55, 56, 57, 58, 59, 60, 61, 62, 65, 82, 85, 86, 87, 88, 89, 90, 93, 94, 102, 105, 122, 125, 126, 127, 128, 129, 130, 133, 134, 143], "summary": {"covered_lines": 48, "num_statements": 52, "percent_covered": 92.3076923076923, "percent_covered_display": "92", "missing_lines": 4, "excluded_lines": 0, "percent_statements_covered": 92.3076923076923, "percent_statements_covered_display": "92"}, "missing_lines": [83, 91, 123, 131], "excluded_lines": [], "functions": {"load_symptom_lexicon": {"executed_lines": [82, 85, 86, 87, 88, 89, 90, 93, 94, 102], "summary": {"covered_lines": 10, "num_statements": 12, "percent_covered": 83.33333333333333, "percent_covered_display": "83", "missing_lines": 2, "excluded_lines": 0, "percent_statements_covered": 83.33333333333333, "percent_statements_covered_display": "83"}, "missing_lines": [83, 91], "excluded_lines": []}, "load_product_lexicon": {"executed_lines": [122, 125, 126, 127, 128, 129, 130, 133, 134, 143], "summary": {"covered_lines": 10, "num_statements": 12, "percent_covered": 83.33333333333333, "percent_covered_display": "83", "missing_lines": 2, "excluded_lines": 0, "percent_statements_covered": 83.33333333333333, "percent_statements_covered_display": "83"}, "missing_lines": [123, 131], "excluded_lines": []}, "": {"executed_lines": [1, 7, 9, 10, 11, 12, 15, 16, 17, 27, 28, 29, 30, 31, 32, 35, 36, 37, 52, 53, 54, 55, 56, 57, 58, 59, 60, 61, 62, 65, 105], "summary": {"covered_lines": 28, "num_statements": 28, "percent_covered": 100.0, "percent_covered_display": "100", "missing_lines": 0, "excluded_lines": 0, "percent_statements_covered": 100.0, "percent_statements_covered_display": "100"}, "missing_lines": [], "excluded_lines": []}}, "classes": {"LexiconEntry": {"executed_lines": [], "summary": {"covered_lines": 0, "num_statements": 0, "percent_covered": 100.0, "percent_covered_display": "100", "missing_lines": 0, "excluded_lines": 0, "percent_statements_covered": 100.0, "percent_statements_covered_display": "100"}, "missing_lines": [], "excluded_lines": []}, "Span": {"executed_lines": [], "summary": {"covered_lines": 0, "num_statements": 0, "percent_covered": 100.0, "percent_covered_display": "100", "missing_lines": 0, "excluded_lines": 0, "percent_statements_covered": 100.0, "percent_statements_covered_display": "100"}, "missing_lines": [], "excluded_lines": []}, "": {"executed_lines": [1, 7, 9, 10, 11, 12, 15, 16, 17, 27, 28, 29, 30, 31, 32, 35, 36, 37, 52, 53, 54, 55, 56, 57, 58, 59, 60, 61, 62, 65, 82, 85, 86, 87, 88, 89, 90, 93, 94, 102, 105, 122, 125, 126, 127, 128, 129, 130, 133, 134, 143], "summary": {"covered_lines": 48, "num_statements": 52, "percent_covered": 92.3076923076923, "percent_covered_display": "92", "missing_lines": 4, "excluded_lines": 0, "percent_statements_covered": 92.3076923076923, "percent_statements_covered_display": "92"}, "missing_lines": [83, 91, 123, 131], "excluded_lines": []}}}, "src\\weak_labeling\\validators.py": {"executed_lines": [1, 8, 10, 11, 13, 16, 25, 44, 46, 49, 74, 98, 99, 102, 103, 104, 105, 108, 109, 110, 111, 114, 115, 118, 141, 142, 145, 147, 148, 150, 151, 152, 153, 155, 156, 157, 158, 159, 160, 163, 164, 165, 167, 168, 170, 173], "summary": {"covered_lines": 44, "num_statements": 52, "percent_covered": 84.61538461538461, "percent_covered_display": "85", "missing_lines": 8, "excluded_lines": 1, "percent_statements_covered": 84.61538461538461, "percent_statements_covered_display": "85"}, "missing_lines": [45, 67, 68, 70, 71, 161, 162, 184], "excluded_lines": [164], "functions": {"is_anatomy_only": {"executed_lines": [44, 46], "summary": {"covered_lines": 2, "num_statements": 3, "percent_covered": 66.66666666666667, "percent_covered_display": "67", "missing_lines": 1, "excluded_lines": 0, "percent_statements_covered": 66.66666666666667, "percent_statements_covered_display": "67"}, "missing_lines": [45], "excluded_lines": []}, "validate_span_alignment": {"executed_lines": [], "summary": {"covered_lines": 0, "num_statements": 4, "percent_covered": 0.0, "percent_covered_display": "0", "missing_lines": 4, "excluded_lines": 0, "percent_statements_covered": 0.0, "percent_statements_covered_display": "0"}, "missing_lines": [67, 68, 70, 71], "excluded_lines": []}, "deduplicate_spans": {"executed_lines": [98, 99, 102, 103, 104, 105, 108, 109, 110, 111, 114, 115], "summary": {"covered_lines": 12, "num_statements": 12, "percent_covered": 100.0, "percent_covered_display": "100", "missing_lines": 0, "excluded_lines": 0, "percent_statements_covered": 100.0, "percent_statements_covered_display": "100"}, "missing_lines": [], "excluded_lines": []}, "filter_overlapping_spans": {"executed_lines": [141, 142, 145, 147, 148, 150, 151, 152, 153, 155, 156, 157, 158, 159, 160, 163, 164, 165, 167, 168, 170], "summary": {"covered_lines": 20, "num_statements": 22, "percent_covered": 90.9090909090909, "percent_covered_display": "91", "missing_lines": 2, "excluded_lines": 1, "percent_statements_covered": 90.9090909090909, "percent_statements_covered_display": "91"}, "missing_lines": [161, 162], "excluded_lines": [164]}, "get_anatomy_tokens": {"executed_lines": [], "summary": {"covered_lines": 0, "num_statements": 1, "percent_covered": 0.0, "percent_covered_display": "0", "missing_lines": 1, "excluded_lines": 0, "percent_statements_covered": 0.0, "percent_statements_covered_display": "0"}, "missing_lines": [184], "excluded_lines": []}, "": {"executed_lines": [1, 8, 10, 11, 13, 16, 25, 49, 74, 118, 173], "summary": {"covered_lines": 10, "num_statements": 10, "percent_covered": 100.0, "percent_covered_display": "100", "missing_lines": 0, "excluded_lines": 0, "percent_statements_covered": 100.0, "percent_statements_covered_display": "100"}, "missing_lines": [], "excluded_lines": []}}, "classes": {"": {"executed_lines": [1, 8, 10, 11, 13, 16, 25, 44, 46, 49, 74, 98, 99, 102, 103, 104, 105, 108, 109, 110, 111, 114, 115, 118, 141, 142, 145, 147, 148, 150, 151, 152, 153, 155, 156, 157, 158, 159, 160, 163, 164, 165, 167, 168, 170, 173], "summary": {"covered_lines": 44, "num_statements": 52, "percent_covered": 84.61538461538461, "percent_covered_display": "85", "missing_lines": 8, "excluded_lines": 1, "percent_statements_covered": 84.61538461538461, "percent_statements_covered_display": "85"}, "missing_lines": [45, 67, 68, 70, 71, 161, 162, 184], "excluded_lines": [164]}}}}, "totals": {"covered_lines": 862, "num_statements": 1031, "percent_covered": 83.60814742967992, "percent_covered_display": "84", "missing_lines": 169, "excluded_lines": 5, "percent_statements_covered": 83.60814742967992, "percent_statements_covered_display": "84"}}